<?xml version="1.0" encoding="UTF-8"?>
<testsuite xmlns:xsi="http://www.w3.org/2001/XMLSchema-instance" xsi:noNamespaceSchemaLocation="https://maven.apache.org/surefire/maven-surefire-plugin/xsd/surefire-test-report-3.0.xsd" version="3.0" name="Growthschool_UserPaths.Simulation.TestScenario" time="0" tests="0" errors="0" skipped="0" failures="0">
  <properties>
    <property name="java.specification.version" value="17"/>
    <property name="sun.jnu.encoding" value="UTF-8"/>
    <property name="java.class.path" value="/Users/apple/Gurupreeth/Projects/OwnProjects/perf-test-scripts/growthschool-load-test-script/target/test-classes:/Users/apple/Gurupreeth/Projects/OwnProjects/perf-test-scripts/growthschool-load-test-script/target/classes:/Users/apple/.m2/repository/io/gatling/highcharts/gatling-charts-highcharts/3.8.4/gatling-charts-highcharts-3.8.4.jar:/Users/apple/.m2/repository/org/scala-lang/scala-library/2.13.8/scala-library-2.13.8.jar:/Users/apple/.m2/repository/io/gatling/gatling-app/3.8.4/gatling-app-3.8.4.jar:/Users/apple/.m2/repository/io/gatling/gatling-core/3.8.4/gatling-core-3.8.4.jar:/Users/apple/.m2/repository/io/gatling/gatling-commons/3.8.4/gatling-commons-3.8.4.jar:/Users/apple/.m2/repository/io/gatling/gatling-commons-shared/3.8.4/gatling-commons-shared-3.8.4.jar:/Users/apple/.m2/repository/org/scala-lang/scala-reflect/2.13.8/scala-reflect-2.13.8.jar:/Users/apple/.m2/repository/io/suzaku/boopickle_2.13/1.3.3/boopickle_2.13-1.3.3.jar:/Users/apple/.m2/repository/io/gatling/gatling-commons-shared-unstable/3.8.4/gatling-commons-shared-unstable-3.8.4.jar:/Users/apple/.m2/repository/org/typelevel/spire-macros_2.13/0.17.0/spire-macros_2.13-0.17.0.jar:/Users/apple/.m2/repository/org/slf4j/slf4j-api/1.7.36/slf4j-api-1.7.36.jar:/Users/apple/.m2/repository/com/typesafe/scala-logging/scala-logging_2.13/3.9.5/scala-logging_2.13-3.9.5.jar:/Users/apple/.m2/repository/ch/qos/logback/logback-classic/1.2.11/logback-classic-1.2.11.jar:/Users/apple/.m2/repository/ch/qos/logback/logback-core/1.2.11/logback-core-1.2.11.jar:/Users/apple/.m2/repository/io/gatling/gatling-jsonpath/3.8.4/gatling-jsonpath-3.8.4.jar:/Users/apple/.m2/repository/com/typesafe/akka/akka-slf4j_2.13/2.6.20/akka-slf4j_2.13-2.6.20.jar:/Users/apple/.m2/repository/org/simpleflatmapper/lightning-csv/8.2.3/lightning-csv-8.2.3.jar:/Users/apple/.m2/repository/org/simpleflatmapper/sfm-util/8.2.3/sfm-util-8.2.3.jar:/Users/apple/.m2/repository/com/github/ben-manes/caffeine/caffeine/2.9.3/caffeine-2.9.3.jar:/Users/apple/.m2/repository/org/checkerframework/checker-qual/3.19.0/checker-qual-3.19.0.jar:/Users/apple/.m2/repository/com/google/errorprone/error_prone_annotations/2.10.0/error_prone_annotations-2.10.0.jar:/Users/apple/.m2/repository/io/pebbletemplates/pebble/3.1.5/pebble-3.1.5.jar:/Users/apple/.m2/repository/org/unbescape/unbescape/1.1.6.RELEASE/unbescape-1.1.6.RELEASE.jar:/Users/apple/.m2/repository/org/scala-lang/modules/scala-parser-combinators_2.13/2.1.1/scala-parser-combinators_2.13-2.1.1.jar:/Users/apple/.m2/repository/com/github/scopt/scopt_2.13/3.7.1/scopt_2.13-3.7.1.jar:/Users/apple/.m2/repository/io/netty/netty-handler/4.1.81.Final/netty-handler-4.1.81.Final.jar:/Users/apple/.m2/repository/io/netty/netty-resolver/4.1.81.Final/netty-resolver-4.1.81.Final.jar:/Users/apple/.m2/repository/io/netty/netty-transport-native-unix-common/4.1.81.Final/netty-transport-native-unix-common-4.1.81.Final.jar:/Users/apple/.m2/repository/io/netty/netty-tcnative-classes/2.0.54.Final/netty-tcnative-classes-2.0.54.Final.jar:/Users/apple/.m2/repository/com/softwaremill/quicklens/quicklens_2.13/1.9.0/quicklens_2.13-1.9.0.jar:/Users/apple/.m2/repository/net/sf/saxon/Saxon-HE/10.6/Saxon-HE-10.6.jar:/Users/apple/.m2/repository/org/jodd/jodd-lagarto/6.0.6/jodd-lagarto-6.0.6.jar:/Users/apple/.m2/repository/org/jodd/jodd-util/6.1.0/jodd-util-6.1.0.jar:/Users/apple/.m2/repository/io/burt/jmespath-jackson/0.5.1/jmespath-jackson-0.5.1.jar:/Users/apple/.m2/repository/io/burt/jmespath-core/0.5.1/jmespath-core-0.5.1.jar:/Users/apple/.m2/repository/io/gatling/gatling-core-java/3.8.4/gatling-core-java-3.8.4.jar:/Users/apple/.m2/repository/net/jodah/typetools/0.6.3/typetools-0.6.3.jar:/Users/apple/.m2/repository/com/google/code/findbugs/jsr305/3.0.2/jsr305-3.0.2.jar:/Users/apple/.m2/repository/io/gatling/gatling-http/3.8.4/gatling-http-3.8.4.jar:/Users/apple/.m2/repository/io/gatling/gatling-http-client/3.8.4/gatling-http-client-3.8.4.jar:/Users/apple/.m2/repository/io/netty/netty-handler-proxy/4.1.81.Final/netty-handler-proxy-4.1.81.Final.jar:/Users/apple/.m2/repository/io/netty/netty-codec-socks/4.1.81.Final/netty-codec-socks-4.1.81.Final.jar:/Users/apple/.m2/repository/io/netty/netty-resolver-dns/4.1.81.Final/netty-resolver-dns-4.1.81.Final.jar:/Users/apple/.m2/repository/io/netty/netty-codec-dns/4.1.81.Final/netty-codec-dns-4.1.81.Final.jar:/Users/apple/.m2/repository/io/netty/netty-codec-http2/4.1.81.Final/netty-codec-http2-4.1.81.Final.jar:/Users/apple/.m2/repository/io/netty/netty-resolver-dns-native-macos/4.1.81.Final/netty-resolver-dns-native-macos-4.1.81.Final-osx-x86_64.jar:/Users/apple/.m2/repository/io/netty/netty-resolver-dns-classes-macos/4.1.81.Final/netty-resolver-dns-classes-macos-4.1.81.Final.jar:/Users/apple/.m2/repository/io/netty/netty-resolver-dns-native-macos/4.1.81.Final/netty-resolver-dns-native-macos-4.1.81.Final-osx-aarch_64.jar:/Users/apple/.m2/repository/io/netty/netty-tcnative-boringssl-static/2.0.54.Final/netty-tcnative-boringssl-static-2.0.54.Final.jar:/Users/apple/.m2/repository/io/netty/netty-tcnative-boringssl-static/2.0.54.Final/netty-tcnative-boringssl-static-2.0.54.Final-linux-x86_64.jar:/Users/apple/.m2/repository/io/netty/netty-tcnative-boringssl-static/2.0.54.Final/netty-tcnative-boringssl-static-2.0.54.Final-linux-aarch_64.jar:/Users/apple/.m2/repository/io/netty/netty-tcnative-boringssl-static/2.0.54.Final/netty-tcnative-boringssl-static-2.0.54.Final-osx-x86_64.jar:/Users/apple/.m2/repository/io/netty/netty-tcnative-boringssl-static/2.0.54.Final/netty-tcnative-boringssl-static-2.0.54.Final-osx-aarch_64.jar:/Users/apple/.m2/repository/io/netty/netty-tcnative-boringssl-static/2.0.54.Final/netty-tcnative-boringssl-static-2.0.54.Final-windows-x86_64.jar:/Users/apple/.m2/repository/com/aayushatharva/brotli4j/brotli4j/1.8.0/brotli4j-1.8.0.jar:/Users/apple/.m2/repository/com/aayushatharva/brotli4j/native-linux-x86_64/1.8.0/native-linux-x86_64-1.8.0.jar:/Users/apple/.m2/repository/com/aayushatharva/brotli4j/native-linux-aarch64/1.8.0/native-linux-aarch64-1.8.0.jar:/Users/apple/.m2/repository/com/aayushatharva/brotli4j/native-osx-x86_64/1.8.0/native-osx-x86_64-1.8.0.jar:/Users/apple/.m2/repository/com/aayushatharva/brotli4j/native-osx-aarch64/1.8.0/native-osx-aarch64-1.8.0.jar:/Users/apple/.m2/repository/com/aayushatharva/brotli4j/native-windows-x86_64/1.8.0/native-windows-x86_64-1.8.0.jar:/Users/apple/.m2/repository/io/gatling/gatling-http-java/3.8.4/gatling-http-java-3.8.4.jar:/Users/apple/.m2/repository/io/gatling/gatling-jms/3.8.4/gatling-jms-3.8.4.jar:/Users/apple/.m2/repository/javax/jms/javax.jms-api/2.0.1/javax.jms-api-2.0.1.jar:/Users/apple/.m2/repository/com/eatthepath/fast-uuid/0.2.0/fast-uuid-0.2.0.jar:/Users/apple/.m2/repository/io/gatling/gatling-jms-java/3.8.4/gatling-jms-java-3.8.4.jar:/Users/apple/.m2/repository/io/gatling/gatling-mqtt/3.8.4/gatling-mqtt-3.8.4.jar:/Users/apple/.m2/repository/io/gatling/gatling-netty-util/3.8.4/gatling-netty-util-3.8.4.jar:/Users/apple/.m2/repository/io/netty/netty-codec-mqtt/4.1.81.Final/netty-codec-mqtt-4.1.81.Final.jar:/Users/apple/.m2/repository/io/netty/netty-transport-native-epoll/4.1.81.Final/netty-transport-native-epoll-4.1.81.Final-linux-x86_64.jar:/Users/apple/.m2/repository/io/netty/netty-transport-classes-epoll/4.1.81.Final/netty-transport-classes-epoll-4.1.81.Final.jar:/Users/apple/.m2/repository/io/netty/netty-transport-native-epoll/4.1.81.Final/netty-transport-native-epoll-4.1.81.Final-linux-aarch_64.jar:/Users/apple/.m2/repository/io/gatling/gatling-mqtt-java/3.8.4/gatling-mqtt-java-3.8.4.jar:/Users/apple/.m2/repository/io/gatling/gatling-jdbc/3.8.4/gatling-jdbc-3.8.4.jar:/Users/apple/.m2/repository/io/gatling/gatling-jdbc-java/3.8.4/gatling-jdbc-java-3.8.4.jar:/Users/apple/.m2/repository/io/gatling/gatling-redis/3.8.4/gatling-redis-3.8.4.jar:/Users/apple/.m2/repository/net/debasishg/redisclient_2.13/3.42/redisclient_2.13-3.42.jar:/Users/apple/.m2/repository/org/apache/commons/commons-pool2/2.8.0/commons-pool2-2.8.0.jar:/Users/apple/.m2/repository/io/gatling/gatling-redis-java/3.8.4/gatling-redis-java-3.8.4.jar:/Users/apple/.m2/repository/io/gatling/gatling-graphite/3.8.4/gatling-graphite-3.8.4.jar:/Users/apple/.m2/repository/org/hdrhistogram/HdrHistogram/2.1.12/HdrHistogram-2.1.12.jar:/Users/apple/.m2/repository/io/gatling/gatling-charts/3.8.4/gatling-charts-3.8.4.jar:/Users/apple/.m2/repository/com/tdunning/t-digest/3.1/t-digest-3.1.jar:/Users/apple/.m2/repository/io/gatling/gatling-recorder/3.8.4/gatling-recorder-3.8.4.jar:/Users/apple/.m2/repository/org/scala-lang/modules/scala-swing_2.13/3.0.0/scala-swing_2.13-3.0.0.jar:/Users/apple/.m2/repository/com/fasterxml/jackson/core/jackson-databind/2.13.4/jackson-databind-2.13.4.jar:/Users/apple/.m2/repository/com/fasterxml/jackson/core/jackson-annotations/2.13.4/jackson-annotations-2.13.4.jar:/Users/apple/.m2/repository/com/fasterxml/jackson/core/jackson-core/2.13.4/jackson-core-2.13.4.jar:/Users/apple/.m2/repository/io/gatling/gatling-recorder-bc-shaded/1.71.1/gatling-recorder-bc-shaded-1.71.1.jar:/Users/apple/.m2/repository/io/netty/netty-codec-http/4.1.81.Final/netty-codec-http-4.1.81.Final.jar:/Users/apple/.m2/repository/io/netty/netty-common/4.1.81.Final/netty-common-4.1.81.Final.jar:/Users/apple/.m2/repository/io/netty/netty-buffer/4.1.81.Final/netty-buffer-4.1.81.Final.jar:/Users/apple/.m2/repository/io/netty/netty-transport/4.1.81.Final/netty-transport-4.1.81.Final.jar:/Users/apple/.m2/repository/io/netty/netty-codec/4.1.81.Final/netty-codec-4.1.81.Final.jar:/Users/apple/.m2/repository/com/typesafe/akka/akka-actor_2.13/2.6.20/akka-actor_2.13-2.6.20.jar:/Users/apple/.m2/repository/com/typesafe/config/1.4.2/config-1.4.2.jar:/Users/apple/.m2/repository/org/scala-lang/modules/scala-java8-compat_2.13/1.0.0/scala-java8-compat_2.13-1.0.0.jar:"/>
    <property name="java.vm.vendor" value="Oracle Corporation"/>
    <property name="sun.arch.data.model" value="64"/>
    <property name="java.vendor.url" value="https://java.oracle.com/"/>
    <property name="os.name" value="Mac OS X"/>
    <property name="java.vm.specification.version" value="17"/>
    <property name="sun.java.launcher" value="SUN_STANDARD"/>
    <property name="user.country" value="IN"/>
    <property name="sun.boot.library.path" value="/Library/Java/JavaVirtualMachines/jdk-17.jdk/Contents/Home/lib"/>
    <property name="sun.java.command" value="/Users/apple/Gurupreeth/Projects/OwnProjects/perf-test-scripts/growthschool-load-test-script/target/surefire/surefirebooter-20230720151656714_3.jar /Users/apple/Gurupreeth/Projects/OwnProjects/perf-test-scripts/growthschool-load-test-script/target/surefire 2023-07-20T15-16-54_027-jvmRun1 surefire-20230720151656714_1tmp surefire_0-20230720151656714_2tmp"/>
    <property name="http.nonProxyHosts" value="local|*.local|169.254/16|*.169.254/16"/>
    <property name="jdk.debug" value="release"/>
    <property name="surefire.test.class.path" value="/Users/apple/Gurupreeth/Projects/OwnProjects/perf-test-scripts/growthschool-load-test-script/target/test-classes:/Users/apple/Gurupreeth/Projects/OwnProjects/perf-test-scripts/growthschool-load-test-script/target/classes:/Users/apple/.m2/repository/io/gatling/highcharts/gatling-charts-highcharts/3.8.4/gatling-charts-highcharts-3.8.4.jar:/Users/apple/.m2/repository/org/scala-lang/scala-library/2.13.8/scala-library-2.13.8.jar:/Users/apple/.m2/repository/io/gatling/gatling-app/3.8.4/gatling-app-3.8.4.jar:/Users/apple/.m2/repository/io/gatling/gatling-core/3.8.4/gatling-core-3.8.4.jar:/Users/apple/.m2/repository/io/gatling/gatling-commons/3.8.4/gatling-commons-3.8.4.jar:/Users/apple/.m2/repository/io/gatling/gatling-commons-shared/3.8.4/gatling-commons-shared-3.8.4.jar:/Users/apple/.m2/repository/org/scala-lang/scala-reflect/2.13.8/scala-reflect-2.13.8.jar:/Users/apple/.m2/repository/io/suzaku/boopickle_2.13/1.3.3/boopickle_2.13-1.3.3.jar:/Users/apple/.m2/repository/io/gatling/gatling-commons-shared-unstable/3.8.4/gatling-commons-shared-unstable-3.8.4.jar:/Users/apple/.m2/repository/org/typelevel/spire-macros_2.13/0.17.0/spire-macros_2.13-0.17.0.jar:/Users/apple/.m2/repository/org/slf4j/slf4j-api/1.7.36/slf4j-api-1.7.36.jar:/Users/apple/.m2/repository/com/typesafe/scala-logging/scala-logging_2.13/3.9.5/scala-logging_2.13-3.9.5.jar:/Users/apple/.m2/repository/ch/qos/logback/logback-classic/1.2.11/logback-classic-1.2.11.jar:/Users/apple/.m2/repository/ch/qos/logback/logback-core/1.2.11/logback-core-1.2.11.jar:/Users/apple/.m2/repository/io/gatling/gatling-jsonpath/3.8.4/gatling-jsonpath-3.8.4.jar:/Users/apple/.m2/repository/com/typesafe/akka/akka-slf4j_2.13/2.6.20/akka-slf4j_2.13-2.6.20.jar:/Users/apple/.m2/repository/org/simpleflatmapper/lightning-csv/8.2.3/lightning-csv-8.2.3.jar:/Users/apple/.m2/repository/org/simpleflatmapper/sfm-util/8.2.3/sfm-util-8.2.3.jar:/Users/apple/.m2/repository/com/github/ben-manes/caffeine/caffeine/2.9.3/caffeine-2.9.3.jar:/Users/apple/.m2/repository/org/checkerframework/checker-qual/3.19.0/checker-qual-3.19.0.jar:/Users/apple/.m2/repository/com/google/errorprone/error_prone_annotations/2.10.0/error_prone_annotations-2.10.0.jar:/Users/apple/.m2/repository/io/pebbletemplates/pebble/3.1.5/pebble-3.1.5.jar:/Users/apple/.m2/repository/org/unbescape/unbescape/1.1.6.RELEASE/unbescape-1.1.6.RELEASE.jar:/Users/apple/.m2/repository/org/scala-lang/modules/scala-parser-combinators_2.13/2.1.1/scala-parser-combinators_2.13-2.1.1.jar:/Users/apple/.m2/repository/com/github/scopt/scopt_2.13/3.7.1/scopt_2.13-3.7.1.jar:/Users/apple/.m2/repository/io/netty/netty-handler/4.1.81.Final/netty-handler-4.1.81.Final.jar:/Users/apple/.m2/repository/io/netty/netty-resolver/4.1.81.Final/netty-resolver-4.1.81.Final.jar:/Users/apple/.m2/repository/io/netty/netty-transport-native-unix-common/4.1.81.Final/netty-transport-native-unix-common-4.1.81.Final.jar:/Users/apple/.m2/repository/io/netty/netty-tcnative-classes/2.0.54.Final/netty-tcnative-classes-2.0.54.Final.jar:/Users/apple/.m2/repository/com/softwaremill/quicklens/quicklens_2.13/1.9.0/quicklens_2.13-1.9.0.jar:/Users/apple/.m2/repository/net/sf/saxon/Saxon-HE/10.6/Saxon-HE-10.6.jar:/Users/apple/.m2/repository/org/jodd/jodd-lagarto/6.0.6/jodd-lagarto-6.0.6.jar:/Users/apple/.m2/repository/org/jodd/jodd-util/6.1.0/jodd-util-6.1.0.jar:/Users/apple/.m2/repository/io/burt/jmespath-jackson/0.5.1/jmespath-jackson-0.5.1.jar:/Users/apple/.m2/repository/io/burt/jmespath-core/0.5.1/jmespath-core-0.5.1.jar:/Users/apple/.m2/repository/io/gatling/gatling-core-java/3.8.4/gatling-core-java-3.8.4.jar:/Users/apple/.m2/repository/net/jodah/typetools/0.6.3/typetools-0.6.3.jar:/Users/apple/.m2/repository/com/google/code/findbugs/jsr305/3.0.2/jsr305-3.0.2.jar:/Users/apple/.m2/repository/io/gatling/gatling-http/3.8.4/gatling-http-3.8.4.jar:/Users/apple/.m2/repository/io/gatling/gatling-http-client/3.8.4/gatling-http-client-3.8.4.jar:/Users/apple/.m2/repository/io/netty/netty-handler-proxy/4.1.81.Final/netty-handler-proxy-4.1.81.Final.jar:/Users/apple/.m2/repository/io/netty/netty-codec-socks/4.1.81.Final/netty-codec-socks-4.1.81.Final.jar:/Users/apple/.m2/repository/io/netty/netty-resolver-dns/4.1.81.Final/netty-resolver-dns-4.1.81.Final.jar:/Users/apple/.m2/repository/io/netty/netty-codec-dns/4.1.81.Final/netty-codec-dns-4.1.81.Final.jar:/Users/apple/.m2/repository/io/netty/netty-codec-http2/4.1.81.Final/netty-codec-http2-4.1.81.Final.jar:/Users/apple/.m2/repository/io/netty/netty-resolver-dns-native-macos/4.1.81.Final/netty-resolver-dns-native-macos-4.1.81.Final-osx-x86_64.jar:/Users/apple/.m2/repository/io/netty/netty-resolver-dns-classes-macos/4.1.81.Final/netty-resolver-dns-classes-macos-4.1.81.Final.jar:/Users/apple/.m2/repository/io/netty/netty-resolver-dns-native-macos/4.1.81.Final/netty-resolver-dns-native-macos-4.1.81.Final-osx-aarch_64.jar:/Users/apple/.m2/repository/io/netty/netty-tcnative-boringssl-static/2.0.54.Final/netty-tcnative-boringssl-static-2.0.54.Final.jar:/Users/apple/.m2/repository/io/netty/netty-tcnative-boringssl-static/2.0.54.Final/netty-tcnative-boringssl-static-2.0.54.Final-linux-x86_64.jar:/Users/apple/.m2/repository/io/netty/netty-tcnative-boringssl-static/2.0.54.Final/netty-tcnative-boringssl-static-2.0.54.Final-linux-aarch_64.jar:/Users/apple/.m2/repository/io/netty/netty-tcnative-boringssl-static/2.0.54.Final/netty-tcnative-boringssl-static-2.0.54.Final-osx-x86_64.jar:/Users/apple/.m2/repository/io/netty/netty-tcnative-boringssl-static/2.0.54.Final/netty-tcnative-boringssl-static-2.0.54.Final-osx-aarch_64.jar:/Users/apple/.m2/repository/io/netty/netty-tcnative-boringssl-static/2.0.54.Final/netty-tcnative-boringssl-static-2.0.54.Final-windows-x86_64.jar:/Users/apple/.m2/repository/com/aayushatharva/brotli4j/brotli4j/1.8.0/brotli4j-1.8.0.jar:/Users/apple/.m2/repository/com/aayushatharva/brotli4j/native-linux-x86_64/1.8.0/native-linux-x86_64-1.8.0.jar:/Users/apple/.m2/repository/com/aayushatharva/brotli4j/native-linux-aarch64/1.8.0/native-linux-aarch64-1.8.0.jar:/Users/apple/.m2/repository/com/aayushatharva/brotli4j/native-osx-x86_64/1.8.0/native-osx-x86_64-1.8.0.jar:/Users/apple/.m2/repository/com/aayushatharva/brotli4j/native-osx-aarch64/1.8.0/native-osx-aarch64-1.8.0.jar:/Users/apple/.m2/repository/com/aayushatharva/brotli4j/native-windows-x86_64/1.8.0/native-windows-x86_64-1.8.0.jar:/Users/apple/.m2/repository/io/gatling/gatling-http-java/3.8.4/gatling-http-java-3.8.4.jar:/Users/apple/.m2/repository/io/gatling/gatling-jms/3.8.4/gatling-jms-3.8.4.jar:/Users/apple/.m2/repository/javax/jms/javax.jms-api/2.0.1/javax.jms-api-2.0.1.jar:/Users/apple/.m2/repository/com/eatthepath/fast-uuid/0.2.0/fast-uuid-0.2.0.jar:/Users/apple/.m2/repository/io/gatling/gatling-jms-java/3.8.4/gatling-jms-java-3.8.4.jar:/Users/apple/.m2/repository/io/gatling/gatling-mqtt/3.8.4/gatling-mqtt-3.8.4.jar:/Users/apple/.m2/repository/io/gatling/gatling-netty-util/3.8.4/gatling-netty-util-3.8.4.jar:/Users/apple/.m2/repository/io/netty/netty-codec-mqtt/4.1.81.Final/netty-codec-mqtt-4.1.81.Final.jar:/Users/apple/.m2/repository/io/netty/netty-transport-native-epoll/4.1.81.Final/netty-transport-native-epoll-4.1.81.Final-linux-x86_64.jar:/Users/apple/.m2/repository/io/netty/netty-transport-classes-epoll/4.1.81.Final/netty-transport-classes-epoll-4.1.81.Final.jar:/Users/apple/.m2/repository/io/netty/netty-transport-native-epoll/4.1.81.Final/netty-transport-native-epoll-4.1.81.Final-linux-aarch_64.jar:/Users/apple/.m2/repository/io/gatling/gatling-mqtt-java/3.8.4/gatling-mqtt-java-3.8.4.jar:/Users/apple/.m2/repository/io/gatling/gatling-jdbc/3.8.4/gatling-jdbc-3.8.4.jar:/Users/apple/.m2/repository/io/gatling/gatling-jdbc-java/3.8.4/gatling-jdbc-java-3.8.4.jar:/Users/apple/.m2/repository/io/gatling/gatling-redis/3.8.4/gatling-redis-3.8.4.jar:/Users/apple/.m2/repository/net/debasishg/redisclient_2.13/3.42/redisclient_2.13-3.42.jar:/Users/apple/.m2/repository/org/apache/commons/commons-pool2/2.8.0/commons-pool2-2.8.0.jar:/Users/apple/.m2/repository/io/gatling/gatling-redis-java/3.8.4/gatling-redis-java-3.8.4.jar:/Users/apple/.m2/repository/io/gatling/gatling-graphite/3.8.4/gatling-graphite-3.8.4.jar:/Users/apple/.m2/repository/org/hdrhistogram/HdrHistogram/2.1.12/HdrHistogram-2.1.12.jar:/Users/apple/.m2/repository/io/gatling/gatling-charts/3.8.4/gatling-charts-3.8.4.jar:/Users/apple/.m2/repository/com/tdunning/t-digest/3.1/t-digest-3.1.jar:/Users/apple/.m2/repository/io/gatling/gatling-recorder/3.8.4/gatling-recorder-3.8.4.jar:/Users/apple/.m2/repository/org/scala-lang/modules/scala-swing_2.13/3.0.0/scala-swing_2.13-3.0.0.jar:/Users/apple/.m2/repository/com/fasterxml/jackson/core/jackson-databind/2.13.4/jackson-databind-2.13.4.jar:/Users/apple/.m2/repository/com/fasterxml/jackson/core/jackson-annotations/2.13.4/jackson-annotations-2.13.4.jar:/Users/apple/.m2/repository/com/fasterxml/jackson/core/jackson-core/2.13.4/jackson-core-2.13.4.jar:/Users/apple/.m2/repository/io/gatling/gatling-recorder-bc-shaded/1.71.1/gatling-recorder-bc-shaded-1.71.1.jar:/Users/apple/.m2/repository/io/netty/netty-codec-http/4.1.81.Final/netty-codec-http-4.1.81.Final.jar:/Users/apple/.m2/repository/io/netty/netty-common/4.1.81.Final/netty-common-4.1.81.Final.jar:/Users/apple/.m2/repository/io/netty/netty-buffer/4.1.81.Final/netty-buffer-4.1.81.Final.jar:/Users/apple/.m2/repository/io/netty/netty-transport/4.1.81.Final/netty-transport-4.1.81.Final.jar:/Users/apple/.m2/repository/io/netty/netty-codec/4.1.81.Final/netty-codec-4.1.81.Final.jar:/Users/apple/.m2/repository/com/typesafe/akka/akka-actor_2.13/2.6.20/akka-actor_2.13-2.6.20.jar:/Users/apple/.m2/repository/com/typesafe/config/1.4.2/config-1.4.2.jar:/Users/apple/.m2/repository/org/scala-lang/modules/scala-java8-compat_2.13/1.0.0/scala-java8-compat_2.13-1.0.0.jar:"/>
    <property name="sun.cpu.endian" value="little"/>
    <property name="user.home" value="/Users/apple"/>
    <property name="user.language" value="en"/>
    <property name="java.specification.vendor" value="Oracle Corporation"/>
    <property name="java.version.date" value="2023-01-17"/>
    <property name="java.home" value="/Library/Java/JavaVirtualMachines/jdk-17.jdk/Contents/Home"/>
    <property name="file.separator" value="/"/>
    <property name="basedir" value="/Users/apple/Gurupreeth/Projects/OwnProjects/perf-test-scripts/growthschool-load-test-script"/>
    <property name="java.vm.compressedOopsMode" value="Zero based"/>
    <property name="line.separator" value="&#10;"/>
    <property name="java.specification.name" value="Java Platform API Specification"/>
    <property name="java.vm.specification.vendor" value="Oracle Corporation"/>
    <property name="surefire.real.class.path" value="/Users/apple/Gurupreeth/Projects/OwnProjects/perf-test-scripts/growthschool-load-test-script/target/surefire/surefirebooter-20230720151656714_3.jar"/>
    <property name="sun.management.compiler" value="HotSpot 64-Bit Tiered Compilers"/>
    <property name="ftp.nonProxyHosts" value="local|*.local|169.254/16|*.169.254/16"/>
    <property name="java.runtime.version" value="17.0.6+9-LTS-190"/>
    <property name="user.name" value="apple"/>
    <property name="path.separator" value=":"/>
    <property name="os.version" value="13.2.1"/>
    <property name="java.runtime.name" value="Java(TM) SE Runtime Environment"/>
    <property name="file.encoding" value="UTF-8"/>
    <property name="java.vm.name" value="Java HotSpot(TM) 64-Bit Server VM"/>
    <property name="localRepository" value="/Users/apple/.m2/repository"/>
    <property name="java.vendor.url.bug" value="https://bugreport.java.com/bugreport/"/>
    <property name="java.io.tmpdir" value="/var/folders/p_/rh_r0ps15fq0bc7k5tc0rfg00000gn/T/"/>
    <property name="java.version" value="17.0.6"/>
    <property name="user.dir" value="/Users/apple/Gurupreeth/Projects/OwnProjects/perf-test-scripts/growthschool-load-test-script"/>
    <property name="os.arch" value="aarch64"/>
    <property name="java.vm.specification.name" value="Java Virtual Machine Specification"/>
    <property name="native.encoding" value="UTF-8"/>
    <property name="java.library.path" value="/Users/apple/Library/Java/Extensions:/Library/Java/Extensions:/Network/Library/Java/Extensions:/System/Library/Java/Extensions:/usr/lib/java:."/>
    <property name="java.vm.info" value="mixed mode, sharing"/>
    <property name="java.vendor" value="Oracle Corporation"/>
    <property name="java.vm.version" value="17.0.6+9-LTS-190"/>
    <property name="sun.io.unicode.encoding" value="UnicodeBig"/>
    <property name="socksNonProxyHosts" value="local|*.local|169.254/16|*.169.254/16"/>
    <property name="java.class.version" value="61.0"/>
  </properties>
</testsuite>